-------------------------------------------------------------------------------
Test set: com.everis.ProductServiceApplicationTests
-------------------------------------------------------------------------------
Tests run: 1, Failures: 0, Errors: 1, Skipped: 0, Time elapsed: 12.716 s <<< FAILURE! - in com.everis.ProductServiceApplicationTests
contextLoads  Time elapsed: 0 s  <<< ERROR!
java.lang.IllegalStateException: Failed to load ApplicationContext
Caused by: org.springframework.beans.factory.UnsatisfiedDependencyException: Error creating bean with name 'productController': Unsatisfied dependency expressed through field 'service'; nested exception is org.springframework.beans.factory.BeanCreationException: Error creating bean with name 'productService': Injection of autowired dependencies failed; nested exception is java.lang.IllegalArgumentException: Could not resolve placeholder 'msg.error.registro.notfound' in value "${msg.error.registro.notfound}"
Caused by: org.springframework.beans.factory.BeanCreationException: Error creating bean with name 'productService': Injection of autowired dependencies failed; nested exception is java.lang.IllegalArgumentException: Could not resolve placeholder 'msg.error.registro.notfound' in value "${msg.error.registro.notfound}"
Caused by: java.lang.IllegalArgumentException: Could not resolve placeholder 'msg.error.registro.notfound' in value "${msg.error.registro.notfound}"

